[2023-04-25 08:29:41] [info] Start Program:
Path:"C:\Users\oltya\Documents\Laboratoare\OOP\Lab 6\x64\Debug\Lab 6.exe"
Arguments:
Working directory: "C:\Users\oltya\Documents\Laboratoare\OOP\Lab 6\"
Modules: Selected: C:\Users\oltya\Documents\Laboratoare\OOP\Lab 6\x64\Debug\Lab 6.exe Excluded: 
Sources: Selected: C:\Users\oltya\Documents\Laboratoare\OOP\Lab 6 Excluded: console.cpp tests.cpp 
Log Level: Normal
Cover Children: 0
Aggregate by file: 1
Continue after C++ exception: 0
Optimized build support: 0
Export: Binary C:\Users\oltya\AppData\Local\Temp\r31djh4o.tzh 
Input coverage: 
Unified diff: 
Excluded line regular expressions: 
Substitute pdb source paths: 

[2023-04-25 08:29:41] [info] Module: C:\Users\oltya\Documents\Laboratoare\OOP\Lab 6\x64\Debug\Lab 6.exe is selected because it matches selected pattern: C:\Users\oltya\Documents\Laboratoare\OOP\Lab 6\x64\Debug\Lab 6.exe
[2023-04-25 08:29:41] [info] ----------------------------------------------------
[2023-04-25 08:29:41] [info] Coverage binary generated in file: C:\Users\oltya\AppData\Local\Temp\r31djh4o.tzh
[2023-04-25 08:29:41] [info] ----------------------------------------------------
