     1                                  bits 32 
     2                                  
     3                                  global start        
     4                                  
     5                                  
     6                                  extern exit               
     7                                  import exit msvcrt.dll    
     8                                  
     9                                  ; a - byte, b - word, c - doubleword, x - qword - Interpretare cu semn
    10                                  segment data use32 class=data
    11 00000000 0C                          a db 12
    12 00000001 0F00                        b dw 15
    13 00000003 0C000000                    c dd 12
    14 00000007 0F00000000000000            x dq 15
    15 0000000F <res 00000004>              z resd 1
    16                                      
    17                                  ; 14. x+(2-a*b)/(a*3)-a+c
    18                                  segment code use32 class=code
    19                                      start:
    20                                          ;(2-a*b)
    21 00000000 A0[00000000]                    mov al, [a]
    22 00000005 6698                            cbw
    23 00000007 66F72D[01000000]                imul word [b]
    24 0000000E 6652                            push dx
    25 00000010 6650                            push ax
    26 00000012 58                              pop eax
    27 00000013 BB02000000                      mov ebx, 2
    28 00000018 29C3                            sub ebx, eax    
    29 0000001A 891D[0F000000]                  mov [z], ebx    ; rezultatul se afla in z (dword)
    30                                          
    31                                          ;(a*3)
    32 00000020 A0[00000000]                    mov al, [a]
    33 00000025 B203                            mov dl, 3
    34 00000027 F6EA                            imul dl
    35 00000029 6689C1                          mov cx, ax      ; rezultatul se afla in cx (word)
    36                                          
    37                                          ;(2-a*b)/(a*3)
    38 0000002C 66A1[0F000000]                  mov ax, word [z]
    39 00000032 668B15[11000000]                mov dx, word [z+2]
    40 00000039 66F7F9                          idiv cx         ; rezultatul se afla in ax (word)
    41                                          
    42                                          ;x+(2-a*b)/(a*3)
    43 0000003C 98                              cwde
    44 0000003D 99                              cdq
    45 0000003E 0105[07000000]                  add dword [x], eax
    46 00000044 1115[0B000000]                  adc dword [x+4], edx
    47                                          
    48                                          ;x+(2-a*b)/(a*3)-a
    49 0000004A A0[00000000]                    mov al, [a]
    50 0000004F 6698                            cbw
    51 00000051 98                              cwde
    52 00000052 99                              cdq
    53 00000053 2905[07000000]                  sub dword [x], eax
    54 00000059 1915[0B000000]                  sbb dword [x+4], edx
    55                                          
    56                                          ;x+(2-a*b)/(a*3)-a+c
    57 0000005F A1[03000000]                    mov eax, [c]
    58 00000064 99                              cdq
    59 00000065 0105[07000000]                  add dword [x], eax
    60 0000006B 1115[0B000000]                  adc dword [x+4], edx      ; rezultatul se afla in x
    61                                          
    62 00000071 6A00                            push    dword 0      
    63 00000073 FF15[00000000]                  call    [exit]       
